Using pre-set license
Built from '2020.3/release' branch; Version is '2020.3.1f1 (77a89f25062f) revision 7841951'; Using compiler version '192528614'; Build Type 'Release'
OS: 'Windows 10 Education; OS build 19042.928; Version 2009; 64bit' Language: 'hu' Physical Memory: 32715 MB
BatchMode: 1, IsHumanControllingUs: 0, StartBugReporterOnCrash: 0, Is64bit: 1, IsPro: 0

 COMMAND LINE ARGUMENTS:
C:\Program Files\Unity\Hub\Editor\2020.3.1f1\Editor\Unity.exe
-adb2
-batchMode
-noUpm
-name
AssetImportWorker0
-projectPath
C:/Users/kortvelyin00/Documents/GitHub/onlabtest2020unet
-logFile
Logs/AssetImportWorker0.log
-srvPort
58696
Successfully changed project path to: C:/Users/kortvelyin00/Documents/GitHub/onlabtest2020unet
C:/Users/kortvelyin00/Documents/GitHub/onlabtest2020unet
Using Asset Import Pipeline V2.
Refreshing native plugins compatible for Editor in 30.21 ms, found 0 plugins.
Preloading 0 native plugins for Editor in 0.00 ms.
Initialize engine version: 2020.3.1f1 (77a89f25062f)
[Subsystems] Discovering subsystems at path C:/Program Files/Unity/Hub/Editor/2020.3.1f1/Editor/Data/Resources/UnitySubsystems
[Subsystems] Discovering subsystems at path C:/Users/kortvelyin00/Documents/GitHub/onlabtest2020unet/Assets
GfxDevice: creating device client; threaded=0
Direct3D:
    Version:  Direct3D 11.0 [level 11.1]
    Renderer: NVIDIA GeForce GTX 1650 (ID=0x1f0a)
    Vendor:   
    VRAM:     3961 MB
    Driver:   27.21.14.5671
Initialize mono
Mono path[0] = 'C:/Program Files/Unity/Hub/Editor/2020.3.1f1/Editor/Data/Managed'
Mono path[1] = 'C:/Program Files/Unity/Hub/Editor/2020.3.1f1/Editor/Data/MonoBleedingEdge/lib/mono/unityjit'
Mono config path = 'C:/Program Files/Unity/Hub/Editor/2020.3.1f1/Editor/Data/MonoBleedingEdge/etc'
Using monoOptions --debugger-agent=transport=dt_socket,embedding=1,server=y,suspend=n,address=127.0.0.1:56932
Begin MonoManager ReloadAssembly
Registering precompiled unity dll's ...
Register platform support module: C:/Program Files/Unity/Hub/Editor/2020.3.1f1/Editor/Data/PlaybackEngines/WindowsStandaloneSupport/UnityEditor.WindowsStandalone.Extensions.dll
Registered in 0.001554 seconds.
Native extension for WindowsStandalone target not found
Refreshing native plugins compatible for Editor in 27.07 ms, found 0 plugins.
Preloading 0 native plugins for Editor in 0.00 ms.
Invoked RoslynAnalysisRunner static constructor.
RoslynAnalysisRunner will not be running.
RoslynAnalysisRunner has terminated.
Mono: successfully reloaded assembly
- Completed reload, in  1.602 seconds
Platform modules already initialized, skipping
Registering precompiled user dll's ...
Registered in 0.005607 seconds.
Begin MonoManager ReloadAssembly
Native extension for WindowsStandalone target not found
Refreshing native plugins compatible for Editor in 0.49 ms, found 0 plugins.
Preloading 0 native plugins for Editor in 0.00 ms.
Invoked RoslynAnalysisRunner static constructor.
RoslynAnalysisRunner will not be running.
RoslynAnalysisRunner has terminated.
Mono: successfully reloaded assembly
- Completed reload, in  0.768 seconds
Platform modules already initialized, skipping
========================================================================
Worker process is ready to serve import requests
Launched and connected shader compiler UnityShaderCompiler.exe after 0.04 seconds
Refreshing native plugins compatible for Editor in 0.47 ms, found 0 plugins.
Preloading 0 native plugins for Editor in 0.00 ms.
Unloading 1791 Unused Serialized files (Serialized files now loaded: 0)
System memory in use before: 80.3 MB.
System memory in use after: 80.4 MB.

Unloading 25 unused Assets to reduce memory usage. Loaded Objects now: 2230.
Total: 1.920100 ms (FindLiveObjects: 0.207900 ms CreateObjectMapping: 0.040200 ms MarkObjects: 1.601500 ms  DeleteObjects: 0.069800 ms)

========================================================================
Received Import Request.
  path: Assets/Scripts
  artifactKey: Guid(3152bfb31d6514445991c46a6149a4b1) Importer(815301076,1909f56bfc062723c751e8b465ee728b)
Start importing Assets/Scripts using Guid(3152bfb31d6514445991c46a6149a4b1) Importer(815301076,1909f56bfc062723c751e8b465ee728b)  -> (artifact id: '416a7add350a4f6ed92ccf4f1b7bc330') in 0.008881 seconds
  Import took 0.011778 seconds .

========================================================================
Received Prepare
Refreshing native plugins compatible for Editor in 3.54 ms, found 0 plugins.
Preloading 0 native plugins for Editor in 0.00 ms.
Unloading 18 Unused Serialized files (Serialized files now loaded: 0)
System memory in use before: 43.7 MB.
System memory in use after: 43.8 MB.

Unloading 17 unused Assets to reduce memory usage. Loaded Objects now: 2231.
Total: 2.028800 ms (FindLiveObjects: 0.262300 ms CreateObjectMapping: 0.041400 ms MarkObjects: 1.707000 ms  DeleteObjects: 0.017100 ms)

========================================================================
Received Import Request.
  Time since last request: 10.704920 seconds.
  path: Assets/Scripts/PlaneManagerToggle.cs
  artifactKey: Guid(e110ae8d982db67439b59f2262af7414) Importer(815301076,1909f56bfc062723c751e8b465ee728b)
Start importing Assets/Scripts/PlaneManagerToggle.cs using Guid(e110ae8d982db67439b59f2262af7414) Importer(815301076,1909f56bfc062723c751e8b465ee728b)  -> (artifact id: '0bb0bb65111f2b9fddb2e54ebe9bb006') in 0.020822 seconds
  Import took 0.024124 seconds .

========================================================================
Received Prepare
Registering precompiled user dll's ...
Registered in 0.004956 seconds.
Begin MonoManager ReloadAssembly
Native extension for WindowsStandalone target not found
Refreshing native plugins compatible for Editor in 0.51 ms, found 0 plugins.
Preloading 0 native plugins for Editor in 0.00 ms.
Invoked RoslynAnalysisRunner static constructor.
RoslynAnalysisRunner will not be running.
RoslynAnalysisRunner has terminated.
Mono: successfully reloaded assembly
- Completed reload, in  0.748 seconds
Platform modules already initialized, skipping
Switching build target platform(5) subTarget(0) extendedPlatform(0) -> platform(13) subTarget(524288) extendedPlatform(0)
Refreshing native plugins compatible for Editor in 0.52 ms, found 0 plugins.
Preloading 0 native plugins for Editor in 0.00 ms.
Unloading 1766 Unused Serialized files (Serialized files now loaded: 0)
System memory in use before: 78.4 MB.
System memory in use after: 78.5 MB.

Unloading 20 unused Assets to reduce memory usage. Loaded Objects now: 2235.
Total: 1.886500 ms (FindLiveObjects: 0.232800 ms CreateObjectMapping: 0.041100 ms MarkObjects: 1.594300 ms  DeleteObjects: 0.017400 ms)

AssetImportParameters requested are different than current active one (requested -> active):
  custom:graphics/normal-map-encoding: 01000000000000000000000000000000 -> 02000000000000000000000000000000
========================================================================
Received Prepare
Registering precompiled user dll's ...
Registered in 0.005163 seconds.
Begin MonoManager ReloadAssembly
Native extension for WindowsStandalone target not found
Refreshing native plugins compatible for Editor in 0.50 ms, found 0 plugins.
Preloading 0 native plugins for Editor in 0.00 ms.
Invoked RoslynAnalysisRunner static constructor.
RoslynAnalysisRunner will not be running.
RoslynAnalysisRunner has terminated.
Mono: successfully reloaded assembly
- Completed reload, in  0.748 seconds
Platform modules already initialized, skipping
Switching build target platform(5) subTarget(0) extendedPlatform(0) -> platform(13) subTarget(524288) extendedPlatform(0)
Refreshing native plugins compatible for Editor in 0.48 ms, found 0 plugins.
Preloading 0 native plugins for Editor in 0.00 ms.
Unloading 1766 Unused Serialized files (Serialized files now loaded: 0)
System memory in use before: 78.4 MB.
System memory in use after: 78.5 MB.

Unloading 20 unused Assets to reduce memory usage. Loaded Objects now: 2239.
Total: 2.075500 ms (FindLiveObjects: 0.298600 ms CreateObjectMapping: 0.057600 ms MarkObjects: 1.700800 ms  DeleteObjects: 0.017100 ms)

AssetImportParameters requested are different than current active one (requested -> active):
  custom:graphics/normal-map-encoding: 01000000000000000000000000000000 -> 02000000000000000000000000000000
========================================================================
Received Import Request.
  Time since last request: 305.280076 seconds.
  path: Assets/Scripts/ARTapToPlaceObject.cs
  artifactKey: Guid(68dc57f0c33592747b0d9b9b52dba16e) Importer(815301076,1909f56bfc062723c751e8b465ee728b)
Start importing Assets/Scripts/ARTapToPlaceObject.cs using Guid(68dc57f0c33592747b0d9b9b52dba16e) Importer(815301076,1909f56bfc062723c751e8b465ee728b)  -> (artifact id: 'f3dc3f37e00f0a002459c5b70ac36ff7') in 0.008156 seconds
  Import took 0.010940 seconds .

========================================================================
Received Import Request.
  Time since last request: 0.002058 seconds.
  path: Assets/Scripts/ARTapToPlaceObject.cs
  artifactKey: Guid(68dc57f0c33592747b0d9b9b52dba16e) Importer(815301076,1909f56bfc062723c751e8b465ee728b)
Start importing Assets/Scripts/ARTapToPlaceObject.cs using Guid(68dc57f0c33592747b0d9b9b52dba16e) Importer(815301076,1909f56bfc062723c751e8b465ee728b)  -> (artifact id: 'f3dc3f37e00f0a002459c5b70ac36ff7') in 0.001624 seconds
  Import took 0.003716 seconds .

========================================================================
Received Import Request.
  Time since last request: 6.842182 seconds.
  path: Assets/Scripts/PlaneManagerToggle.cs
  artifactKey: Guid(e110ae8d982db67439b59f2262af7414) Importer(815301076,1909f56bfc062723c751e8b465ee728b)
Start importing Assets/Scripts/PlaneManagerToggle.cs using Guid(e110ae8d982db67439b59f2262af7414) Importer(815301076,1909f56bfc062723c751e8b465ee728b)  -> (artifact id: '4c857eaa45cbeae6f0c3b34889d5771f') in 0.001729 seconds
  Import took 0.004141 seconds .

========================================================================
Received Import Request.
  Time since last request: 0.001357 seconds.
  path: Assets/Scripts/PlaneManagerToggle.cs
  artifactKey: Guid(e110ae8d982db67439b59f2262af7414) Importer(815301076,1909f56bfc062723c751e8b465ee728b)
Start importing Assets/Scripts/PlaneManagerToggle.cs using Guid(e110ae8d982db67439b59f2262af7414) Importer(815301076,1909f56bfc062723c751e8b465ee728b)  -> (artifact id: '4c857eaa45cbeae6f0c3b34889d5771f') in 0.001576 seconds
  Import took 0.004014 seconds .

========================================================================
Received Prepare
Refreshing native plugins compatible for Editor in 3.64 ms, found 0 plugins.
Preloading 0 native plugins for Editor in 0.00 ms.
Unloading 17 Unused Serialized files (Serialized files now loaded: 0)
System memory in use before: 43.7 MB.
System memory in use after: 43.8 MB.

Unloading 17 unused Assets to reduce memory usage. Loaded Objects now: 2239.
Total: 2.251200 ms (FindLiveObjects: 0.246900 ms CreateObjectMapping: 0.038000 ms MarkObjects: 1.949000 ms  DeleteObjects: 0.016400 ms)

========================================================================
Received Import Request.
  Time since last request: 7670.897702 seconds.
  path: Assets/Materials
  artifactKey: Guid(7e2a048233c3c7046a37f017436e89c7) Importer(815301076,1909f56bfc062723c751e8b465ee728b)
Start importing Assets/Materials using Guid(7e2a048233c3c7046a37f017436e89c7) Importer(815301076,1909f56bfc062723c751e8b465ee728b)  -> (artifact id: '4e4b4abdcca7aa6e3f1923342354b333') in 0.006007 seconds
  Import took 0.009029 seconds .

========================================================================
Received Import Request.
  Time since last request: 17.772386 seconds.
  path: Assets/Materials/New Material 1.mat
  artifactKey: Guid(6b57188715cc8684eb06d1d5f9451853) Importer(815301076,1909f56bfc062723c751e8b465ee728b)
Start importing Assets/Materials/New Material 1.mat using Guid(6b57188715cc8684eb06d1d5f9451853) Importer(815301076,1909f56bfc062723c751e8b465ee728b)  -> (artifact id: 'e22d88d922b77154f267513b53f054d3') in 0.073677 seconds
  Import took 0.076569 seconds .

========================================================================
Received Prepare
Refreshing native plugins compatible for Editor in 4.02 ms, found 0 plugins.
Preloading 0 native plugins for Editor in 0.00 ms.
Unloading 17 Unused Serialized files (Serialized files now loaded: 0)
System memory in use before: 47.1 MB.
System memory in use after: 47.3 MB.

Unloading 17 unused Assets to reduce memory usage. Loaded Objects now: 2279.
Total: 2.299700 ms (FindLiveObjects: 0.255600 ms CreateObjectMapping: 0.039500 ms MarkObjects: 1.992100 ms  DeleteObjects: 0.011600 ms)

========================================================================
Received Import Request.
  Time since last request: 119.105111 seconds.
  path: Assets/Materials/EmptyPlane.mat
  artifactKey: Guid(6b57188715cc8684eb06d1d5f9451853) Importer(815301076,1909f56bfc062723c751e8b465ee728b)
Start importing Assets/Materials/EmptyPlane.mat using Guid(6b57188715cc8684eb06d1d5f9451853) Importer(815301076,1909f56bfc062723c751e8b465ee728b)  -> (artifact id: '9e78c4d4a74f363ca9b4f0bc408c03fc') in 0.032817 seconds
  Import took 0.035776 seconds .

========================================================================
Received Import Request.
  Time since last request: 0.278251 seconds.
  path: Assets/Materials/EmptyPlane.mat
  artifactKey: Guid(6b57188715cc8684eb06d1d5f9451853) Importer(815301076,1909f56bfc062723c751e8b465ee728b)
Start importing Assets/Materials/EmptyPlane.mat using Guid(6b57188715cc8684eb06d1d5f9451853) Importer(815301076,1909f56bfc062723c751e8b465ee728b)  -> (artifact id: '9e78c4d4a74f363ca9b4f0bc408c03fc') in 0.011911 seconds
  Import took 0.015138 seconds .

========================================================================
Received Prepare
Refreshing native plugins compatible for Editor in 3.48 ms, found 0 plugins.
Preloading 0 native plugins for Editor in 0.00 ms.
Unloading 17 Unused Serialized files (Serialized files now loaded: 0)
System memory in use before: 47.2 MB.
System memory in use after: 47.3 MB.

Unloading 17 unused Assets to reduce memory usage. Loaded Objects now: 2279.
Total: 3.136800 ms (FindLiveObjects: 0.256500 ms CreateObjectMapping: 0.046200 ms MarkObjects: 2.814600 ms  DeleteObjects: 0.018100 ms)

========================================================================
Received Import Request.
  Time since last request: 485.590219 seconds.
  path: Assets/Prefabs/stuff/ARPlane.prefab
  artifactKey: Guid(405f4e5eb1f78424d9d95c9fbeaab933) Importer(815301076,1909f56bfc062723c751e8b465ee728b)
Start importing Assets/Prefabs/stuff/ARPlane.prefab using Guid(405f4e5eb1f78424d9d95c9fbeaab933) Importer(815301076,1909f56bfc062723c751e8b465ee728b)  -> (artifact id: '694ed12e16eb703beab72388e513c50f') in 0.014232 seconds
  Import took 0.017862 seconds .

========================================================================
Received Import Request.
  Time since last request: 0.002755 seconds.
  path: Assets/Prefabs/stuff/ARPlane.prefab
  artifactKey: Guid(405f4e5eb1f78424d9d95c9fbeaab933) Importer(815301076,1909f56bfc062723c751e8b465ee728b)
Start importing Assets/Prefabs/stuff/ARPlane.prefab using Guid(405f4e5eb1f78424d9d95c9fbeaab933) Importer(815301076,1909f56bfc062723c751e8b465ee728b)  -> (artifact id: '694ed12e16eb703beab72388e513c50f') in 0.003394 seconds
  Import took 0.006505 seconds .

========================================================================
Received Import Request.
  Time since last request: 1.705911 seconds.
  path: Assets/Materials/EmptyPlane.mat
  artifactKey: Guid(6b57188715cc8684eb06d1d5f9451853) Importer(815301076,1909f56bfc062723c751e8b465ee728b)
Start importing Assets/Materials/EmptyPlane.mat using Guid(6b57188715cc8684eb06d1d5f9451853) Importer(815301076,1909f56bfc062723c751e8b465ee728b)  -> (artifact id: '5239b303c826a90dff4a95f563a1fb36') in 0.017598 seconds
  Import took 0.020546 seconds .

========================================================================
Received Import Request.
  Time since last request: 0.011831 seconds.
  path: Assets/Materials/EmptyPlane.mat
  artifactKey: Guid(6b57188715cc8684eb06d1d5f9451853) Importer(815301076,1909f56bfc062723c751e8b465ee728b)
Start importing Assets/Materials/EmptyPlane.mat using Guid(6b57188715cc8684eb06d1d5f9451853) Importer(815301076,1909f56bfc062723c751e8b465ee728b)  -> (artifact id: '5239b303c826a90dff4a95f563a1fb36') in 0.007226 seconds
  Import took 0.009990 seconds .

========================================================================
Received Import Request.
  Time since last request: 1.066125 seconds.
  path: Assets/Lean/Common/Examples/Materials/Black.mat
  artifactKey: Guid(72c44f820e292664ead684b85643fada) Importer(815301076,1909f56bfc062723c751e8b465ee728b)
Start importing Assets/Lean/Common/Examples/Materials/Black.mat using Guid(72c44f820e292664ead684b85643fada) Importer(815301076,1909f56bfc062723c751e8b465ee728b)  -> (artifact id: '600ed50d9c0ddfec985a865095c314cf') in 0.039239 seconds
  Import took 0.042328 seconds .

========================================================================
Received Import Request.
  Time since last request: 0.000201 seconds.
  path: Assets/Standard Assets/Effects/Projectors/Materials/GridProjector.mat
  artifactKey: Guid(c7d1a73cf0f423947bae4e238665d9c5) Importer(815301076,1909f56bfc062723c751e8b465ee728b)
Start importing Assets/Standard Assets/Effects/Projectors/Materials/GridProjector.mat using Guid(c7d1a73cf0f423947bae4e238665d9c5) Importer(815301076,1909f56bfc062723c751e8b465ee728b)  -> (artifact id: '9474b4e827dd3ac0ad42339581782547') in 0.022241 seconds
  Import took 0.025315 seconds .

========================================================================
Received Import Request.
  Time since last request: 0.000197 seconds.
  path: Assets/Lean/Common/Examples/Fonts/VarelaRound-Regular.ttf
  artifactKey: Guid(d54323c94c164de478170d5e7d0273be) Importer(815301076,1909f56bfc062723c751e8b465ee728b)
Start importing Assets/Lean/Common/Examples/Fonts/VarelaRound-Regular.ttf using Guid(d54323c94c164de478170d5e7d0273be) Importer(815301076,1909f56bfc062723c751e8b465ee728b)  -> (artifact id: 'b943c1a1dffb6fb5fb3fa0aec7108321') in 0.031198 seconds
  Import took 0.033986 seconds .

========================================================================
Received Import Request.
  Time since last request: 0.000259 seconds.
  path: Assets/TextMesh Pro/Resources/Fonts & Materials/LiberationSans SDF - Outline.mat
  artifactKey: Guid(79459efec17a4d00a321bdcc27bbc385) Importer(815301076,1909f56bfc062723c751e8b465ee728b)
Start importing Assets/TextMesh Pro/Resources/Fonts & Materials/LiberationSans SDF - Outline.mat using Guid(79459efec17a4d00a321bdcc27bbc385) Importer(815301076,1909f56bfc062723c751e8b465ee728b)  -> (artifact id: 'bd9e6bb39492706ad6c83ad05a3ded2e') in 0.064552 seconds
  Import took 0.068115 seconds .

========================================================================
Received Import Request.
  Time since last request: 0.000184 seconds.
  path: Assets/Lean/Common/Examples/Materials/Blue.mat
  artifactKey: Guid(69c3c648559bfd34eaae3ff327107596) Importer(815301076,1909f56bfc062723c751e8b465ee728b)
Start importing Assets/Lean/Common/Examples/Materials/Blue.mat using Guid(69c3c648559bfd34eaae3ff327107596) Importer(815301076,1909f56bfc062723c751e8b465ee728b)  -> (artifact id: '529d08595eea94eb70ed8afddc7cc80a') in 0.016887 seconds
  Import took 0.019339 seconds .

========================================================================
Received Import Request.
  Time since last request: 0.000180 seconds.
  path: Assets/Lean/Common/Examples/Materials/Grey.mat
  artifactKey: Guid(eb19d4e9e6dff424daabfbc351d2dde1) Importer(815301076,1909f56bfc062723c751e8b465ee728b)
Start importing Assets/Lean/Common/Examples/Materials/Grey.mat using Guid(eb19d4e9e6dff424daabfbc351d2dde1) Importer(815301076,1909f56bfc062723c751e8b465ee728b)  -> (artifact id: 'bdee6fca28ac53d248df0f33f20922ce') in 0.016789 seconds
  Import took 0.019354 seconds .

========================================================================
Received Import Request.
  Time since last request: 0.000177 seconds.
  path: Assets/Lean/Common/Examples/Materials/Red.mat
  artifactKey: Guid(738f118aa214360489366338953cfd32) Importer(815301076,1909f56bfc062723c751e8b465ee728b)
Start importing Assets/Lean/Common/Examples/Materials/Red.mat using Guid(738f118aa214360489366338953cfd32) Importer(815301076,1909f56bfc062723c751e8b465ee728b)  -> (artifact id: 'b336037b170d4f899499356fd43a9e66') in 0.014804 seconds
  Import took 0.017397 seconds .

========================================================================
Received Import Request.
  Time since last request: 0.000186 seconds.
  path: Assets/Standard Assets/Effects/Projectors/Materials/ShadowProjector.mat
  artifactKey: Guid(e30ff3588e719f34bbf0c66f22d97487) Importer(815301076,1909f56bfc062723c751e8b465ee728b)
Start importing Assets/Standard Assets/Effects/Projectors/Materials/ShadowProjector.mat using Guid(e30ff3588e719f34bbf0c66f22d97487) Importer(815301076,1909f56bfc062723c751e8b465ee728b)  -> (artifact id: '7cc5e45a6d566f4cccddc2c42e250b98') in 0.048920 seconds
  Import took 0.051477 seconds .

========================================================================
Received Import Request.
  Time since last request: 0.000158 seconds.
  path: Assets/Lean/Common/Examples/Materials/White.mat
  artifactKey: Guid(c4dab12b6ad08384ba8a3ce2f7eba5f7) Importer(815301076,1909f56bfc062723c751e8b465ee728b)
Start importing Assets/Lean/Common/Examples/Materials/White.mat using Guid(c4dab12b6ad08384ba8a3ce2f7eba5f7) Importer(815301076,1909f56bfc062723c751e8b465ee728b)  -> (artifact id: '17706d5368dee6bad5b1fa67b4c83ed1') in 0.014199 seconds
  Import took 0.016633 seconds .

========================================================================
Received Import Request.
  Time since last request: 0.000166 seconds.
  path: Assets/Standard Assets/Effects/Projectors/Materials/LightProjector.mat
  artifactKey: Guid(c8c80c5b03f5c7e40b07eb2170e667e5) Importer(815301076,1909f56bfc062723c751e8b465ee728b)
Start importing Assets/Standard Assets/Effects/Projectors/Materials/LightProjector.mat using Guid(c8c80c5b03f5c7e40b07eb2170e667e5) Importer(815301076,1909f56bfc062723c751e8b465ee728b)  -> (artifact id: 'd2c1e2093b7ded7ee77f0149d17d666c') in 0.020796 seconds
  Import took 0.023256 seconds .

========================================================================
Received Import Request.
  Time since last request: 0.000175 seconds.
  path: Assets/Lean/Touch/Examples/Media/Line.mat
  artifactKey: Guid(a7e5a27266ffc1c449993ff1173fe9a7) Importer(815301076,1909f56bfc062723c751e8b465ee728b)
Start importing Assets/Lean/Touch/Examples/Media/Line.mat using Guid(a7e5a27266ffc1c449993ff1173fe9a7) Importer(815301076,1909f56bfc062723c751e8b465ee728b)  -> (artifact id: '951209807ea14b65d2ad755bd878d395') in 0.039807 seconds
  Import took 0.042248 seconds .

========================================================================
Received Import Request.
  Time since last request: 0.000171 seconds.
  path: Assets/TextMesh Pro/Resources/Fonts & Materials/LiberationSans SDF - Fallback.asset
  artifactKey: Guid(2e498d1c8094910479dc3e1b768306a4) Importer(815301076,1909f56bfc062723c751e8b465ee728b)
Start importing Assets/TextMesh Pro/Resources/Fonts & Materials/LiberationSans SDF - Fallback.asset using Guid(2e498d1c8094910479dc3e1b768306a4) Importer(815301076,1909f56bfc062723c751e8b465ee728b)  -> (artifact id: '95748931fc9b713bc656e7f612c5cd80') in 0.033512 seconds
  Import took 0.036124 seconds .

========================================================================
Received Import Request.
  Time since last request: 0.000208 seconds.
  path: Assets/TextMesh Pro/Resources/Fonts & Materials/Electronic Highway Sign SDF.asset
  artifactKey: Guid(eecdd1ad53c664d4584bd20fec60fbcb) Importer(815301076,1909f56bfc062723c751e8b465ee728b)
Start importing Assets/TextMesh Pro/Resources/Fonts & Materials/Electronic Highway Sign SDF.asset using Guid(eecdd1ad53c664d4584bd20fec60fbcb) Importer(815301076,1909f56bfc062723c751e8b465ee728b) Received signal SIGSEGV
Stack trace:
0x00007ff78ecffd8d (Unity) tt_cmap4_char_index
0x00007ff78ed18eb7 (Unity) UNITY_FT_Get_Char_Index
0x00007ff78cda849a (Unity) FontEngine_CUSTOM_GetGlyphIndex
0x000001a19f4d36d7 (Mono JIT Code) (wrapper managed-to-native) UnityEngine.TextCore.LowLevel.FontEngine:GetGlyphIndex (uint)
0x000001a19f4d3313 (Mono JIT Code) [TMP_FontAsset.cs:776] TMPro.TMP_FontAsset:AddSynthesizedCharacter (uint,bool) 
0x000001a19f4d27f3 (Mono JIT Code) [TMP_FontAsset.cs:716] TMPro.TMP_FontAsset:AddSynthesizedCharactersAndFaceMetrics () 
0x000001a19f4cfbbb (Mono JIT Code) [TMP_FontAsset.cs:560] TMPro.TMP_FontAsset:ReadFontAssetDefinition () 
0x000001a19f4cfa9b (Mono JIT Code) [TMP_FontAsset.cs:538] TMPro.TMP_FontAsset:OnValidate () 
0x000001a19f4ce430 (Mono JIT Code) (wrapper runtime-invoke) object:runtime_invoke_void__this__ (object,intptr,intptr,intptr)
0x00007ffa32e9e480 (mono-2.0-bdwgc) [mini-runtime.c:2812] mono_jit_runtime_invoke 
0x00007ffa32e22902 (mono-2.0-bdwgc) [object.c:2921] do_runtime_invoke 
0x00007ffa32e2b95f (mono-2.0-bdwgc) [object.c:2968] mono_runtime_invoke 
0x00007ff78c4eaa34 (Unity) scripting_method_invoke
0x00007ff78c4e33b5 (Unity) ScriptingInvocation::Invoke
0x00007ff78c4e37ce (Unity) ScriptingInvocation::InvokeChecked
0x00007ff78c560306 (Unity) SerializableManagedRef::CallMethod
0x00007ff78c4a6e0d (Unity) MonoBehaviour::CheckConsistency
0x00007ff78c5f7de9 (Unity) AwakeFromLoadQueue::InvokePersistentManagerAwake
0x00007ff78c5f8ab2 (Unity) AwakeFromLoadQueue::PersistentManagerAwakeFromLoad
0x00007ff78c5f8c3a (Unity) AwakeFromLoadQueue::PersistentManagerAwakeFromLoad
0x00007ff78c587ffe (Unity) PersistentManager::IntegrateAllThreadedObjects
0x00007ff78c588a17 (Unity) PersistentManager::LoadAndIntegrateAllPreallocatedObjects
0x00007ff78c58bfa3 (Unity) PersistentManager::ReadObject
0x00007ff78dc180b1 (Unity) WritePreviews
0x00007ff78dc11f6e (Unity) PreviewImporter::GenerateAssetData
0x00007ff78dd25c59 (Unity) ImportToObjects
0x00007ff78dd24ac8 (Unity) AssetImportWorker::Import
0x00007ff78dc8423f (Unity) <lambda_77c748ffdfab40a7d87ea62709a69e39>::operator()
0x00007ff78dd4f5e2 (Unity) asio::detail::completion_handler<core::mutable_function<void __cdecl(void)> >::do_complete
0x00007ff78dd51740 (Unity) asio::detail::win_iocp_io_service::do_one
0x00007ff78dd54ece (Unity) asio::io_service::run
0x00007ff78dccb0c0 (Unity) RunAssetImportWorkerClientV2
0x00007ff78dccb110 (Unity) RunAssetImporterV2
0x00007ff78d1dc3f6 (Unity) Application::InitializeProject
0x00007ff78db57922 (Unity) WinMain
0x00007ff78f9ce0d6 (Unity) __scrt_common_main_seh
0x00007ffa86057034 (KERNEL32) BaseThreadInitThunk
0x00007ffa861a2651 (ntdll) RtlUserThreadStart

