Using pre-set license
Built from '2020.3/release' branch; Version is '2020.3.1f1 (77a89f25062f) revision 7841951'; Using compiler version '192528614'; Build Type 'Release'
OS: 'Windows 10 Education; OS build 19042.928; Version 2009; 64bit' Language: 'hu' Physical Memory: 32715 MB
BatchMode: 1, IsHumanControllingUs: 0, StartBugReporterOnCrash: 0, Is64bit: 1, IsPro: 0

 COMMAND LINE ARGUMENTS:
C:\Program Files\Unity\Hub\Editor\2020.3.1f1\Editor\Unity.exe
-adb2
-batchMode
-noUpm
-name
AssetImportWorker1
-projectPath
C:/Users/kortvelyin00/Documents/GitHub/onlabtest2020unet
-logFile
Logs/AssetImportWorker1.log
-srvPort
58696
Successfully changed project path to: C:/Users/kortvelyin00/Documents/GitHub/onlabtest2020unet
C:/Users/kortvelyin00/Documents/GitHub/onlabtest2020unet
Using Asset Import Pipeline V2.
Refreshing native plugins compatible for Editor in 31.84 ms, found 0 plugins.
Preloading 0 native plugins for Editor in 0.00 ms.
Initialize engine version: 2020.3.1f1 (77a89f25062f)
[Subsystems] Discovering subsystems at path C:/Program Files/Unity/Hub/Editor/2020.3.1f1/Editor/Data/Resources/UnitySubsystems
[Subsystems] Discovering subsystems at path C:/Users/kortvelyin00/Documents/GitHub/onlabtest2020unet/Assets
GfxDevice: creating device client; threaded=0
Direct3D:
    Version:  Direct3D 11.0 [level 11.1]
    Renderer: NVIDIA GeForce GTX 1650 (ID=0x1f0a)
    Vendor:   
    VRAM:     3961 MB
    Driver:   27.21.14.5671
Initialize mono
Mono path[0] = 'C:/Program Files/Unity/Hub/Editor/2020.3.1f1/Editor/Data/Managed'
Mono path[1] = 'C:/Program Files/Unity/Hub/Editor/2020.3.1f1/Editor/Data/MonoBleedingEdge/lib/mono/unityjit'
Mono config path = 'C:/Program Files/Unity/Hub/Editor/2020.3.1f1/Editor/Data/MonoBleedingEdge/etc'
Using monoOptions --debugger-agent=transport=dt_socket,embedding=1,server=y,suspend=n,address=127.0.0.1:56884
Begin MonoManager ReloadAssembly
Registering precompiled unity dll's ...
Register platform support module: C:/Program Files/Unity/Hub/Editor/2020.3.1f1/Editor/Data/PlaybackEngines/WindowsStandaloneSupport/UnityEditor.WindowsStandalone.Extensions.dll
Registered in 0.001617 seconds.
Native extension for WindowsStandalone target not found
Refreshing native plugins compatible for Editor in 28.27 ms, found 0 plugins.
Preloading 0 native plugins for Editor in 0.00 ms.
Invoked RoslynAnalysisRunner static constructor.
RoslynAnalysisRunner will not be running.
RoslynAnalysisRunner has terminated.
Mono: successfully reloaded assembly
- Completed reload, in  1.922 seconds
Platform modules already initialized, skipping
Registering precompiled user dll's ...
Registered in 0.005431 seconds.
Begin MonoManager ReloadAssembly
Native extension for WindowsStandalone target not found
Refreshing native plugins compatible for Editor in 0.48 ms, found 0 plugins.
Preloading 0 native plugins for Editor in 0.00 ms.
Invoked RoslynAnalysisRunner static constructor.
RoslynAnalysisRunner will not be running.
RoslynAnalysisRunner has terminated.
Mono: successfully reloaded assembly
- Completed reload, in  0.812 seconds
Platform modules already initialized, skipping
========================================================================
Worker process is ready to serve import requests
Launched and connected shader compiler UnityShaderCompiler.exe after 0.03 seconds
Refreshing native plugins compatible for Editor in 0.48 ms, found 0 plugins.
Preloading 0 native plugins for Editor in 0.00 ms.
Unloading 1792 Unused Serialized files (Serialized files now loaded: 0)
System memory in use before: 80.4 MB.
System memory in use after: 80.5 MB.

Unloading 25 unused Assets to reduce memory usage. Loaded Objects now: 2232.
Total: 2.082900 ms (FindLiveObjects: 0.260400 ms CreateObjectMapping: 0.048200 ms MarkObjects: 1.713400 ms  DeleteObjects: 0.060000 ms)

========================================================================
Received Import Request.
  path: Assets/TextMesh Pro/Resources/Fonts & Materials/Electronic Highway Sign SDF.asset
  artifactKey: Guid(eecdd1ad53c664d4584bd20fec60fbcb) Importer(815301076,1909f56bfc062723c751e8b465ee728b)
Start importing Assets/TextMesh Pro/Resources/Fonts & Materials/Electronic Highway Sign SDF.asset using Guid(eecdd1ad53c664d4584bd20fec60fbcb) Importer(815301076,1909f56bfc062723c751e8b465ee728b)  -> (artifact id: '032396e87e3335ffe9369efe33d52eeb') in 0.115666 seconds
  Import took 0.118570 seconds .

========================================================================
Received Import Request.
  Time since last request: 0.000199 seconds.
  path: Assets/Lean/Touch/Examples/Media/Trail.mat
  artifactKey: Guid(a249bfc9d8fe9874890b7170317078ab) Importer(815301076,1909f56bfc062723c751e8b465ee728b)
Start importing Assets/Lean/Touch/Examples/Media/Trail.mat using Guid(a249bfc9d8fe9874890b7170317078ab) Importer(815301076,1909f56bfc062723c751e8b465ee728b)  -> (artifact id: 'fbe49201af42a5f545d9d30dbe138cd4') in 0.027634 seconds
  Import took 0.030787 seconds .

========================================================================
Received Import Request.
  Time since last request: 0.000213 seconds.
  path: Assets/Lean/Common/Examples/Materials/Orange.mat
  artifactKey: Guid(d15897a066fc1bd4e873db20d70da822) Importer(815301076,1909f56bfc062723c751e8b465ee728b)
Start importing Assets/Lean/Common/Examples/Materials/Orange.mat using Guid(d15897a066fc1bd4e873db20d70da822) Importer(815301076,1909f56bfc062723c751e8b465ee728b)  -> (artifact id: '44f57dc82778680a233cb4c9605c44c8') in 0.015506 seconds
  Import took 0.018578 seconds .

========================================================================
Received Import Request.
  Time since last request: 0.000224 seconds.
  path: Assets/TextMesh Pro/Fonts/LiberationSans.ttf
  artifactKey: Guid(e3265ab4bf004d28a9537516768c1c75) Importer(815301076,1909f56bfc062723c751e8b465ee728b)
Start importing Assets/TextMesh Pro/Fonts/LiberationSans.ttf using Guid(e3265ab4bf004d28a9537516768c1c75) Importer(815301076,1909f56bfc062723c751e8b465ee728b)  -> (artifact id: '2bcf697d893a171604c25d4b383bc3de') in 0.040248 seconds
  Import took 0.042770 seconds .

========================================================================
Received Import Request.
  Time since last request: 0.000182 seconds.
  path: Assets/Lean/Common/Examples/Materials/Green.mat
  artifactKey: Guid(a7c2868437eddf248a6deb329de23d8e) Importer(815301076,1909f56bfc062723c751e8b465ee728b)
Start importing Assets/Lean/Common/Examples/Materials/Green.mat using Guid(a7c2868437eddf248a6deb329de23d8e) Importer(815301076,1909f56bfc062723c751e8b465ee728b)  -> (artifact id: 'ce9d88f5f9731340ce9c98d87c799c65') in 0.014244 seconds
  Import took 0.017264 seconds .

========================================================================
Received Import Request.
  Time since last request: 0.000156 seconds.
  path: Assets/TextMesh Pro/Resources/Fonts & Materials/LiberationSans SDF - Drop Shadow.mat
  artifactKey: Guid(e73a58f6e2794ae7b1b7e50b7fb811b0) Importer(815301076,1909f56bfc062723c751e8b465ee728b)
Start importing Assets/TextMesh Pro/Resources/Fonts & Materials/LiberationSans SDF - Drop Shadow.mat using Guid(e73a58f6e2794ae7b1b7e50b7fb811b0) Importer(815301076,1909f56bfc062723c751e8b465ee728b)  -> (artifact id: 'cc12370d87fc4540366a8610b4e63f1c') in 0.065971 seconds
  Import took 0.068841 seconds .

========================================================================
Received Import Request.
  Time since last request: 0.000203 seconds.
  path: Assets/Lean/Common/Examples/Materials/Black.mat
  artifactKey: Guid(72c44f820e292664ead684b85643fada) Importer(815301076,1909f56bfc062723c751e8b465ee728b)
Start importing Assets/Lean/Common/Examples/Materials/Black.mat using Guid(72c44f820e292664ead684b85643fada) Importer(815301076,1909f56bfc062723c751e8b465ee728b)  -> (artifact id: '600ed50d9c0ddfec985a865095c314cf') in 0.006016 seconds
  Import took 0.008573 seconds .

========================================================================
Received Import Request.
  Time since last request: 0.000154 seconds.
  path: Assets/Lean/Common/Examples/Materials/Skybox.mat
  artifactKey: Guid(17380c24072c0954898ab03528ac9077) Importer(815301076,1909f56bfc062723c751e8b465ee728b)
Start importing Assets/Lean/Common/Examples/Materials/Skybox.mat using Guid(17380c24072c0954898ab03528ac9077) Importer(815301076,1909f56bfc062723c751e8b465ee728b)  -> (artifact id: '9a0234311af763f6281520680ca913e7') in 0.027827 seconds
  Import took 0.030481 seconds .

========================================================================
Received Import Request.
  Time since last request: 0.000168 seconds.
  path: Assets/Lean/Common/Examples/Materials/Purple.mat
  artifactKey: Guid(2c57751e748651a4c9bd8f9f48e8cf5e) Importer(815301076,1909f56bfc062723c751e8b465ee728b)
Start importing Assets/Lean/Common/Examples/Materials/Purple.mat using Guid(2c57751e748651a4c9bd8f9f48e8cf5e) Importer(815301076,1909f56bfc062723c751e8b465ee728b)  -> (artifact id: 'd0d1b50b23bf3e628f0290af7a485761') in 0.014103 seconds
  Import took 0.016658 seconds .

========================================================================
Received Import Request.
  Time since last request: 0.000219 seconds.
  path: Assets/TextMesh Pro/Resources/Fonts & Materials/LiberationSans SDF.asset
  artifactKey: Guid(8f586378b4e144a9851e7b34d9b748ee) Importer(815301076,1909f56bfc062723c751e8b465ee728b)
Start importing Assets/TextMesh Pro/Resources/Fonts & Materials/LiberationSans SDF.asset using Guid(8f586378b4e144a9851e7b34d9b748ee) Importer(815301076,1909f56bfc062723c751e8b465ee728b)  -> (artifact id: '6855aa9612ac6a718a7b4f03c5414308') in 0.032199 seconds
  Import took 0.034736 seconds .

========================================================================
Received Import Request.
  Time since last request: 0.000161 seconds.
  path: Assets/Lean/Common/Examples/Materials/Grid.mat
  artifactKey: Guid(41cd2401d126859418d064ea8f4fee8c) Importer(815301076,1909f56bfc062723c751e8b465ee728b)
Start importing Assets/Lean/Common/Examples/Materials/Grid.mat using Guid(41cd2401d126859418d064ea8f4fee8c) Importer(815301076,1909f56bfc062723c751e8b465ee728b)  -> (artifact id: '7102d31eda46b0e3bda45b3e2ae84705') in 0.037175 seconds
  Import took 0.039643 seconds .

========================================================================
Received Import Request.
  Time since last request: 0.000220 seconds.
  path: Assets/Lean/Common/Examples/Materials/Circuit.mat
  artifactKey: Guid(2fba2ab79a742fc4380f0e83399f9fb6) Importer(815301076,1909f56bfc062723c751e8b465ee728b)
Start importing Assets/Lean/Common/Examples/Materials/Circuit.mat using Guid(2fba2ab79a742fc4380f0e83399f9fb6) Importer(815301076,1909f56bfc062723c751e8b465ee728b)  -> (artifact id: 'c28cfcafb8c401cf623c48f8ec09d5c1') in 0.013520 seconds
  Import took 0.016201 seconds .

========================================================================
Received Import Request.
  Time since last request: 0.000163 seconds.
  path: Assets/Lean/Common/Examples/Materials/Yellow.mat
  artifactKey: Guid(c37be6ad65a89fb48889627465fcdf16) Importer(815301076,1909f56bfc062723c751e8b465ee728b)
Start importing Assets/Lean/Common/Examples/Materials/Yellow.mat using Guid(c37be6ad65a89fb48889627465fcdf16) Importer(815301076,1909f56bfc062723c751e8b465ee728b)  -> (artifact id: 'df1531f705a0c61f32309e0373b51b81') in 0.017646 seconds
  Import took 0.020251 seconds .

========================================================================
Received Prepare
Refreshing native plugins compatible for Editor in 3.46 ms, found 0 plugins.
Preloading 0 native plugins for Editor in 0.00 ms.
Unloading 17 Unused Serialized files (Serialized files now loaded: 0)
System memory in use before: 48.0 MB.
System memory in use after: 48.1 MB.

Unloading 17 unused Assets to reduce memory usage. Loaded Objects now: 2277.
Total: 2.332700 ms (FindLiveObjects: 0.227900 ms CreateObjectMapping: 0.041900 ms MarkObjects: 2.043400 ms  DeleteObjects: 0.018800 ms)

========================================================================
Received Prepare
Refreshing native plugins compatible for Editor in 3.32 ms, found 0 plugins.
Preloading 0 native plugins for Editor in 0.00 ms.
Unloading 17 Unused Serialized files (Serialized files now loaded: 0)
System memory in use before: 48.0 MB.
System memory in use after: 48.1 MB.

Unloading 17 unused Assets to reduce memory usage. Loaded Objects now: 2277.
Total: 2.646600 ms (FindLiveObjects: 0.291200 ms CreateObjectMapping: 0.040900 ms MarkObjects: 2.297800 ms  DeleteObjects: 0.015800 ms)

========================================================================
Received Prepare
Refreshing native plugins compatible for Editor in 3.35 ms, found 0 plugins.
Preloading 0 native plugins for Editor in 0.00 ms.
Unloading 17 Unused Serialized files (Serialized files now loaded: 0)
System memory in use before: 48.0 MB.
System memory in use after: 48.1 MB.

Unloading 17 unused Assets to reduce memory usage. Loaded Objects now: 2277.
Total: 2.406500 ms (FindLiveObjects: 0.298900 ms CreateObjectMapping: 0.040900 ms MarkObjects: 2.050700 ms  DeleteObjects: 0.015200 ms)

========================================================================
Received Prepare
Registering precompiled user dll's ...
Registered in 0.006345 seconds.
Begin MonoManager ReloadAssembly
Native extension for WindowsStandalone target not found
Refreshing native plugins compatible for Editor in 0.50 ms, found 0 plugins.
Preloading 0 native plugins for Editor in 0.00 ms.
Invoked RoslynAnalysisRunner static constructor.
RoslynAnalysisRunner will not be running.
RoslynAnalysisRunner has terminated.
Mono: successfully reloaded assembly
- Completed reload, in  0.806 seconds
Platform modules already initialized, skipping
Switching build target platform(5) subTarget(0) extendedPlatform(0) -> platform(13) subTarget(524288) extendedPlatform(0)
Refreshing native plugins compatible for Editor in 0.51 ms, found 0 plugins.
Preloading 0 native plugins for Editor in 0.00 ms.
Unloading 1766 Unused Serialized files (Serialized files now loaded: 0)
System memory in use before: 81.9 MB.
System memory in use after: 82.1 MB.

Unloading 20 unused Assets to reduce memory usage. Loaded Objects now: 2281.
Total: 2.250500 ms (FindLiveObjects: 0.258900 ms CreateObjectMapping: 0.043000 ms MarkObjects: 1.919300 ms  DeleteObjects: 0.028400 ms)

AssetImportParameters requested are different than current active one (requested -> active):
  custom:graphics/normal-map-encoding: 01000000000000000000000000000000 -> 02000000000000000000000000000000
========================================================================
Received Import Request.
  Time since last request: 869.931038 seconds.
  path: Assets/Prefabs/Spphere.prefab
  artifactKey: Guid(60847227cad056a4aadb5e3a7a30525a) Importer(815301076,1909f56bfc062723c751e8b465ee728b)
Start importing Assets/Prefabs/Spphere.prefab using Guid(60847227cad056a4aadb5e3a7a30525a) Importer(815301076,1909f56bfc062723c751e8b465ee728b)  -> (artifact id: 'ab82dfa595bb2fe55720e96b61363ed0') in 0.058668 seconds
  Import took 0.061957 seconds .

========================================================================
Received Import Request.
  Time since last request: 96.659470 seconds.
  path: Assets/Prefabs/Spphere.prefab
  artifactKey: Guid(60847227cad056a4aadb5e3a7a30525a) Importer(815301076,1909f56bfc062723c751e8b465ee728b)
Start importing Assets/Prefabs/Spphere.prefab using Guid(60847227cad056a4aadb5e3a7a30525a) Importer(815301076,1909f56bfc062723c751e8b465ee728b)  -> (artifact id: 'f4b34ce74aba70051a31e0eb31d4491f') in 0.011580 seconds
  Import took 0.014806 seconds .

========================================================================
Received Prepare
Refreshing native plugins compatible for Editor in 3.39 ms, found 0 plugins.
Preloading 0 native plugins for Editor in 0.00 ms.
Unloading 17 Unused Serialized files (Serialized files now loaded: 0)
System memory in use before: 47.8 MB.
System memory in use after: 48.0 MB.

Unloading 18 unused Assets to reduce memory usage. Loaded Objects now: 2283.
Total: 2.554200 ms (FindLiveObjects: 0.242900 ms CreateObjectMapping: 0.039900 ms MarkObjects: 2.250000 ms  DeleteObjects: 0.020000 ms)

========================================================================
Received Import Request.
  Time since last request: 316.504242 seconds.
  path: Assets/Prefabs
  artifactKey: Guid(c01430942243cc748bf4ca219a28be27) Importer(815301076,1909f56bfc062723c751e8b465ee728b)
Start importing Assets/Prefabs using Guid(c01430942243cc748bf4ca219a28be27) Importer(815301076,1909f56bfc062723c751e8b465ee728b)  -> (artifact id: '5a8c1f67c9f9112966e3010a8109b820') in 0.007833 seconds
  Import took 0.011403 seconds .

========================================================================
Received Import Request.
  Time since last request: 4.721941 seconds.
  path: Assets/Prefabs/stuff
  artifactKey: Guid(ef35d285c17674f4ebaf15a16248e8ba) Importer(815301076,1909f56bfc062723c751e8b465ee728b)
Start importing Assets/Prefabs/stuff using Guid(ef35d285c17674f4ebaf15a16248e8ba) Importer(815301076,1909f56bfc062723c751e8b465ee728b)  -> (artifact id: '5d1f12280ea5cc7d1bac9353194c36fb') in 0.005931 seconds
  Import took 0.008756 seconds .

========================================================================
Received Import Request.
  Time since last request: 0.063982 seconds.
  path: Assets/Prefabs/stuff/ARPlane.prefab
  artifactKey: Guid(405f4e5eb1f78424d9d95c9fbeaab933) Importer(815301076,1909f56bfc062723c751e8b465ee728b)
Start importing Assets/Prefabs/stuff/ARPlane.prefab using Guid(405f4e5eb1f78424d9d95c9fbeaab933) Importer(815301076,1909f56bfc062723c751e8b465ee728b)  -> (artifact id: '8b9fdedd32f81b8e6d61ef4a83a13c49') in 0.005396 seconds
  Import took 0.007982 seconds .

========================================================================
Received Prepare
Registering precompiled user dll's ...
Registered in 0.005151 seconds.
Begin MonoManager ReloadAssembly
Native extension for WindowsStandalone target not found
Refreshing native plugins compatible for Editor in 0.48 ms, found 0 plugins.
Preloading 0 native plugins for Editor in 0.00 ms.
Invoked RoslynAnalysisRunner static constructor.
RoslynAnalysisRunner will not be running.
RoslynAnalysisRunner has terminated.
Mono: successfully reloaded assembly
- Completed reload, in  0.799 seconds
Platform modules already initialized, skipping
Switching build target platform(5) subTarget(0) extendedPlatform(0) -> platform(13) subTarget(524288) extendedPlatform(0)
Refreshing native plugins compatible for Editor in 0.48 ms, found 0 plugins.
Preloading 0 native plugins for Editor in 0.00 ms.
Unloading 1766 Unused Serialized files (Serialized files now loaded: 0)
System memory in use before: 82.0 MB.
System memory in use after: 82.2 MB.

Unloading 20 unused Assets to reduce memory usage. Loaded Objects now: 2287.
Total: 2.330700 ms (FindLiveObjects: 0.231200 ms CreateObjectMapping: 0.039700 ms MarkObjects: 2.032600 ms  DeleteObjects: 0.025900 ms)

AssetImportParameters requested are different than current active one (requested -> active):
  custom:graphics/normal-map-encoding: 01000000000000000000000000000000 -> 02000000000000000000000000000000
========================================================================
Received Import Request.
  Time since last request: 137.914624 seconds.
  path: Assets/Prefabs/stuff/ARPlane.prefab
  artifactKey: Guid(405f4e5eb1f78424d9d95c9fbeaab933) Importer(815301076,1909f56bfc062723c751e8b465ee728b)
Start importing Assets/Prefabs/stuff/ARPlane.prefab using Guid(405f4e5eb1f78424d9d95c9fbeaab933) Importer(815301076,1909f56bfc062723c751e8b465ee728b)  -> (artifact id: 'a26feafb82d021df131434abd35269c3') in 0.022825 seconds
  Import took 0.026023 seconds .

========================================================================
Received Prepare
Refreshing native plugins compatible for Editor in 3.38 ms, found 0 plugins.
Preloading 0 native plugins for Editor in 0.00 ms.
Unloading 17 Unused Serialized files (Serialized files now loaded: 0)
System memory in use before: 47.5 MB.
System memory in use after: 47.6 MB.

Unloading 17 unused Assets to reduce memory usage. Loaded Objects now: 2287.
Total: 2.278800 ms (FindLiveObjects: 0.237200 ms CreateObjectMapping: 0.040100 ms MarkObjects: 1.987300 ms  DeleteObjects: 0.013500 ms)

========================================================================
Received Prepare
Refreshing native plugins compatible for Editor in 3.42 ms, found 0 plugins.
Preloading 0 native plugins for Editor in 0.00 ms.
Unloading 17 Unused Serialized files (Serialized files now loaded: 0)
System memory in use before: 47.5 MB.
System memory in use after: 47.6 MB.

Unloading 17 unused Assets to reduce memory usage. Loaded Objects now: 2287.
Total: 2.446700 ms (FindLiveObjects: 0.234900 ms CreateObjectMapping: 0.048600 ms MarkObjects: 2.151600 ms  DeleteObjects: 0.010800 ms)

AssetImportWorkerClient::OnTransportError - code=2 error=End of file
