Using pre-set license
Built from '2020.2/release' branch; Version is '2020.2.4f1 (becced5a802b) revision 12504301'; Using compiler version '192528614'; Build Type 'Release'
OS: 'Windows 10 Home; OS build 19042.867; Version 2009; 64bit' Language: 'hu' Physical Memory: 16300 MB
BatchMode: 1, IsHumanControllingUs: 0, StartBugReporterOnCrash: 0, Is64bit: 1, IsPro: 0

 COMMAND LINE ARGUMENTS:
C:\Program Files\Unity\Hub\Editor\2020.2.4f1\Editor\Unity.exe
-adb2
-batchMode
-noUpm
-name
AssetImportWorker0
-projectPath
C:/Users/HP/onlabtest2020unet
-logFile
Logs/AssetImportWorker0.log
-srvPort
63150
Successfully changed project path to: C:/Users/HP/onlabtest2020unet
C:/Users/HP/onlabtest2020unet
Using Asset Import Pipeline V2.
Refreshing native plugins compatible for Editor in 44.17 ms, found 0 plugins.
Preloading 0 native plugins for Editor in 0.00 ms.
Initialize engine version: 2020.2.4f1 (becced5a802b)
[Subsystems] Discovering subsystems at path C:/Program Files/Unity/Hub/Editor/2020.2.4f1/Editor/Data/Resources/UnitySubsystems
[Subsystems] Discovering subsystems at path C:/Users/HP/onlabtest2020unet/Assets
GfxDevice: creating device client; threaded=0
Direct3D:
    Version:  Direct3D 11.0 [level 11.1]
    Renderer: Radeon(TM) 530 (ID=0x6900)
    Vendor:   
    VRAM:     4087 MB
    Driver:   22.19.128.5
Initialize mono
Mono path[0] = 'C:/Program Files/Unity/Hub/Editor/2020.2.4f1/Editor/Data/Managed'
Mono path[1] = 'C:/Program Files/Unity/Hub/Editor/2020.2.4f1/Editor/Data/MonoBleedingEdge/lib/mono/unityjit'
Mono config path = 'C:/Program Files/Unity/Hub/Editor/2020.2.4f1/Editor/Data/MonoBleedingEdge/etc'
Using monoOptions --debugger-agent=transport=dt_socket,embedding=1,server=y,suspend=n,address=127.0.0.1:56684
Begin MonoManager ReloadAssembly
Registering precompiled unity dll's ...
Register platform support module: C:/Program Files/Unity/Hub/Editor/2020.2.4f1/Editor/Data/PlaybackEngines/WebGLSupport/UnityEditor.WebGL.Extensions.dll
Register platform support module: C:/Program Files/Unity/Hub/Editor/2020.2.4f1/Editor/Data/PlaybackEngines/WindowsStandaloneSupport/UnityEditor.WindowsStandalone.Extensions.dll
Registered in 0.003434 seconds.
Native extension for WindowsStandalone target not found
Native extension for WebGL target not found
Refreshing native plugins compatible for Editor in 36.56 ms, found 0 plugins.
Preloading 0 native plugins for Editor in 0.00 ms.
Invoked RoslynAnalysisRunner static constructor.
RoslynAnalysisRunner will not be running.
RoslynAnalysisRunner has terminated.
Mono: successfully reloaded assembly
- Completed reload, in  2.446 seconds
Platform modules already initialized, skipping
Registering precompiled user dll's ...
Registered in 0.009083 seconds.
Begin MonoManager ReloadAssembly
Native extension for WindowsStandalone target not found
Native extension for WebGL target not found
Refreshing native plugins compatible for Editor in 0.42 ms, found 0 plugins.
Preloading 0 native plugins for Editor in 0.00 ms.
Invoked RoslynAnalysisRunner static constructor.
RoslynAnalysisRunner will not be running.
RoslynAnalysisRunner has terminated.
Mono: successfully reloaded assembly
- Completed reload, in  1.197 seconds
Platform modules already initialized, skipping
========================================================================
Worker process is ready to serve import requests
Launched and connected shader compiler UnityShaderCompiler.exe after 0.07 seconds
Refreshing native plugins compatible for Editor in 0.48 ms, found 0 plugins.
Preloading 0 native plugins for Editor in 0.00 ms.
Unloading 1725 Unused Serialized files (Serialized files now loaded: 0)
System memory in use before: 78.5 MB.
System memory in use after: 78.6 MB.

Unloading 25 unused Assets to reduce memory usage. Loaded Objects now: 2165.
Total: 2.816600 ms (FindLiveObjects: 0.218900 ms CreateObjectMapping: 0.103600 ms MarkObjects: 2.381900 ms  DeleteObjects: 0.109800 ms)

========================================================================
Received Import Request.
  path: Assets/Prefabs/Move.prefab
  artifactKey: Guid(beae5d6a9025ebb4a8bf196ab816c0f6) Importer(815301076,1909f56bfc062723c751e8b465ee728b)
Start importing Assets/Prefabs/Move.prefab using Guid(beae5d6a9025ebb4a8bf196ab816c0f6) Importer(815301076,1909f56bfc062723c751e8b465ee728b)  -> (artifact id: 'a3940402efc51e96adf04d46fed355c2') in 0.112212 seconds
  Import took 0.123469 seconds .

========================================================================
Received Import Request.
  Time since last request: 0.000417 seconds.
  path: Assets/Prefabs/Sphere.prefab
  artifactKey: Guid(d0c755faf06709845827fbe94c8f3523) Importer(815301076,1909f56bfc062723c751e8b465ee728b)
Start importing Assets/Prefabs/Sphere.prefab using Guid(d0c755faf06709845827fbe94c8f3523) Importer(815301076,1909f56bfc062723c751e8b465ee728b)  -> (artifact id: '54a64e4d7459972b279b78754a848d68') in 0.095006 seconds
  Import took 0.107290 seconds .

========================================================================
Received Import Request.
  Time since last request: 0.000663 seconds.
  path: Assets/Prefabs/PlayerObject Variant.prefab
  artifactKey: Guid(532f7d33b1de96f4d91618b3ab92b786) Importer(815301076,1909f56bfc062723c751e8b465ee728b)
Start importing Assets/Prefabs/PlayerObject Variant.prefab using Guid(532f7d33b1de96f4d91618b3ab92b786) Importer(815301076,1909f56bfc062723c751e8b465ee728b)  -> (artifact id: '4e644de18d82b797a547dfc9f2094829') in 0.024507 seconds
  Import took 0.030899 seconds .

========================================================================
Received Import Request.
  Time since last request: 0.000538 seconds.
  path: Assets/Prefabs/PlayerObject.prefab
  artifactKey: Guid(ea457ee30e743c8488a2a1bb6ae2e1a4) Importer(815301076,1909f56bfc062723c751e8b465ee728b)
Start importing Assets/Prefabs/PlayerObject.prefab using Guid(ea457ee30e743c8488a2a1bb6ae2e1a4) Importer(815301076,1909f56bfc062723c751e8b465ee728b)  -> (artifact id: '71611902f8b59f0a7b002b3761870b37') in 0.014602 seconds
  Import took 0.019739 seconds .

========================================================================
Received Import Request.
  Time since last request: 0.000389 seconds.
  path: Assets/Prefabs/PlayerUnit 1.prefab
  artifactKey: Guid(3d49adacd048f45429feff1a46c4f395) Importer(815301076,1909f56bfc062723c751e8b465ee728b)
Start importing Assets/Prefabs/PlayerUnit 1.prefab using Guid(3d49adacd048f45429feff1a46c4f395) Importer(815301076,1909f56bfc062723c751e8b465ee728b)  -> (artifact id: '8b5cff0530b2e9ef01ccc1e434bb4934') in 0.027709 seconds
  Import took 0.033010 seconds .

========================================================================
Received Import Request.
  Time since last request: 0.000435 seconds.
  path: Assets/Prefabs/Canvas.prefab
  artifactKey: Guid(7529fdac36a590b47937023e7878b6c4) Importer(815301076,1909f56bfc062723c751e8b465ee728b)
Start importing Assets/Prefabs/Canvas.prefab using Guid(7529fdac36a590b47937023e7878b6c4) Importer(815301076,1909f56bfc062723c751e8b465ee728b)  -> (artifact id: 'df212106d63720a6e9bb8a2a9832583a') in 0.016951 seconds
  Import took 0.021433 seconds .

========================================================================
Received Import Request.
  Time since last request: 0.000370 seconds.
  path: Assets/Prefabs/Spphere.prefab
  artifactKey: Guid(60847227cad056a4aadb5e3a7a30525a) Importer(815301076,1909f56bfc062723c751e8b465ee728b)
Start importing Assets/Prefabs/Spphere.prefab using Guid(60847227cad056a4aadb5e3a7a30525a) Importer(815301076,1909f56bfc062723c751e8b465ee728b)  -> (artifact id: 'f2dd3434d08c358bcc9a24eb3679f74c') in 0.026604 seconds
  Import took 0.030957 seconds .

========================================================================
Received Import Request.
  Time since last request: 0.000461 seconds.
  path: Assets/Prefabs/PlayerUnit.prefab
  artifactKey: Guid(0c230719000d6494ab87201669980998) Importer(815301076,1909f56bfc062723c751e8b465ee728b)
Start importing Assets/Prefabs/PlayerUnit.prefab using Guid(0c230719000d6494ab87201669980998) Importer(815301076,1909f56bfc062723c751e8b465ee728b)  -> (artifact id: '7192659f3bd42c919751c85ee430e8cc') in 0.033349 seconds
  Import took 0.043886 seconds .

========================================================================
Received Import Request.
  Time since last request: 26.793881 seconds.
  path: Assets/Prefabs/PlayerUnit.prefab
  artifactKey: Guid(0c230719000d6494ab87201669980998) Importer(815301076,1909f56bfc062723c751e8b465ee728b)
Start importing Assets/Prefabs/PlayerUnit.prefab using Guid(0c230719000d6494ab87201669980998) Importer(815301076,1909f56bfc062723c751e8b465ee728b)  -> (artifact id: '4e0e3891c5a8c572a3af1594bd87ffe9') in 0.015423 seconds
  Import took 0.019616 seconds .

========================================================================
Received Import Request.
  Time since last request: 140.875936 seconds.
  path: Assets/Prefabs/Text (4).prefab
  artifactKey: Guid(51c7a2f0ae081764890d74e64d204b1f) Importer(815301076,1909f56bfc062723c751e8b465ee728b)
Start importing Assets/Prefabs/Text (4).prefab using Guid(51c7a2f0ae081764890d74e64d204b1f) Importer(815301076,1909f56bfc062723c751e8b465ee728b)  -> (artifact id: '3a5411043055792c064a4c867787da53') in 0.007327 seconds
  Import took 0.012532 seconds .

========================================================================
Received Import Request.
  Time since last request: 0.001571 seconds.
  path: Assets/Prefabs/Text (4).prefab
  artifactKey: Guid(51c7a2f0ae081764890d74e64d204b1f) Importer(815301076,1909f56bfc062723c751e8b465ee728b)
Start importing Assets/Prefabs/Text (4).prefab using Guid(51c7a2f0ae081764890d74e64d204b1f) Importer(815301076,1909f56bfc062723c751e8b465ee728b)  -> (artifact id: '3a5411043055792c064a4c867787da53') in 0.006234 seconds
  Import took 0.010230 seconds .

========================================================================
Received Prepare
Refreshing native plugins compatible for Editor in 4.69 ms, found 0 plugins.
Preloading 0 native plugins for Editor in 0.00 ms.
Unloading 16 Unused Serialized files (Serialized files now loaded: 0)
System memory in use before: 47.5 MB.
System memory in use after: 47.6 MB.

Unloading 17 unused Assets to reduce memory usage. Loaded Objects now: 2176.
Total: 3.908900 ms (FindLiveObjects: 0.203400 ms CreateObjectMapping: 0.081400 ms MarkObjects: 3.540500 ms  DeleteObjects: 0.081700 ms)

========================================================================
Received Prepare
Refreshing native plugins compatible for Editor in 4.35 ms, found 0 plugins.
Preloading 0 native plugins for Editor in 0.00 ms.
Unloading 15 Unused Serialized files (Serialized files now loaded: 0)
System memory in use before: 47.4 MB.
System memory in use after: 47.5 MB.

Unloading 15 unused Assets to reduce memory usage. Loaded Objects now: 2176.
Total: 5.063500 ms (FindLiveObjects: 0.220600 ms CreateObjectMapping: 0.122200 ms MarkObjects: 4.647700 ms  DeleteObjects: 0.071400 ms)

AssetImportWorkerClient::OnTransportError - code=2 error=End of file
